android/app/build/intermediates/manifest_merge_blame_file/release/manifest-merger-blame-release-report.txt
1<?xml version="1.0" encoding="utf-8"?>
2<manifest xmlns:android="http://schemas.android.com/apk/res/android"
3    package="com.chefood"
4    android:versionCode="1"
5    android:versionName="1.0" >
6
7    <uses-sdk
8        android:minSdkVersion="21"
8-->src/main/AndroidManifest.xml
9        android:targetSdkVersion="29" />
9-->[:react-native-splash-screen] AndroidManifest.xml:9:9-38
10
11    <uses-permission android:name="android.permission.INTERNET" />
11-->src/main/AndroidManifest.xml:2:2-64
11-->src/main/AndroidManifest.xml:2:19-61
12    <uses-permission android:name="android.permission.WRITE_EXTERNAL_STORAGE" />
12-->src/main/AndroidManifest.xml:3:2-78
12-->src/main/AndroidManifest.xml:3:19-75
13    <uses-permission android:name="android.permission.ACCESS_FINE_LOCATION" />
13-->src/main/AndroidManifest.xml:4:2-75
13-->src/main/AndroidManifest.xml:4:19-73
14    <uses-permission android:name="android.permission.ACCESS_COARSE_LOCATION" />
14-->src/main/AndroidManifest.xml:5:2-77
14-->src/main/AndroidManifest.xml:5:19-75
15    <uses-permission android:name="android.permission.ACCESS_NETWORK_STATE" />
15-->[com.google.android.gms:play-services-measurement-api:18.0.3] AndroidManifest.xml:23:5-79
15-->[com.google.android.gms:play-services-measurement-api:18.0.3] AndroidManifest.xml:23:22-76
16    <uses-permission android:name="android.permission.WAKE_LOCK" />
16-->[com.google.android.gms:play-services-measurement-api:18.0.3] AndroidManifest.xml:24:5-68
16-->[com.google.android.gms:play-services-measurement-api:18.0.3] AndroidManifest.xml:24:22-65
17
18    <uses-feature
18-->[com.google.android.gms:play-services-maps:11.8.0] AndroidManifest.xml:26:5-28:35
19        android:glEsVersion="0x00020000"
19-->[com.google.android.gms:play-services-maps:11.8.0] AndroidManifest.xml:27:9-41
20        android:required="true" />
20-->[com.google.android.gms:play-services-maps:11.8.0] AndroidManifest.xml:28:9-32
21
22    <uses-permission android:name="com.google.android.finsky.permission.BIND_GET_INSTALL_REFERRER_SERVICE" />
22-->[com.google.android.gms:play-services-measurement:18.0.3] AndroidManifest.xml:26:5-110
22-->[com.google.android.gms:play-services-measurement:18.0.3] AndroidManifest.xml:26:22-107
23
24    <application
24-->src/main/AndroidManifest.xml:6:2-15:16
25        android:name="com.chefood.MainApplication"
25-->src/main/AndroidManifest.xml:6:15-46
26        android:allowBackup="false"
26-->src/main/AndroidManifest.xml:6:161-188
27        android:appComponentFactory="androidx.core.app.CoreComponentFactory"
27-->[androidx.core:core:1.3.1] AndroidManifest.xml:24:18-86
28        android:icon="@mipmap/ic_launcher"
28-->src/main/AndroidManifest.xml:6:80-114
29        android:label="@string/app_name"
29-->src/main/AndroidManifest.xml:6:47-79
30        android:requestLegacyExternalStorage="true"
30-->src/main/AndroidManifest.xml:6:221-264
31        android:roundIcon="@mipmap/ic_launcher_round"
31-->src/main/AndroidManifest.xml:6:115-160
32        android:supportsRtl="true"
32-->[com.facebook.android:facebook-android-sdk:8.2.0] AndroidManifest.xml:28:18-44
33        android:theme="@style/AppTheme" >
33-->src/main/AndroidManifest.xml:6:189-220
34        <meta-data
34-->src/main/AndroidManifest.xml:7:3-101
35            android:name="com.facebook.sdk.ApplicationId"
35-->src/main/AndroidManifest.xml:7:14-59
36            android:value="@string/facebook_app_id" />
36-->src/main/AndroidManifest.xml:7:60-99
37
38        <activity
38-->src/main/AndroidManifest.xml:8:3-13:14
39            android:name="com.chefood.MainActivity"
39-->src/main/AndroidManifest.xml:8:50-78
40            android:configChanges="keyboard|keyboardHidden|orientation|screenSize|uiMode"
40-->src/main/AndroidManifest.xml:8:112-189
41            android:label="@string/app_name"
41-->src/main/AndroidManifest.xml:8:79-111
42            android:launchMode="singleTask"
42-->src/main/AndroidManifest.xml:8:190-221
43            android:screenOrientation="portrait"
43-->src/main/AndroidManifest.xml:8:13-49
44            android:windowSoftInputMode="adjustPan" >
44-->src/main/AndroidManifest.xml:8:222-261
45            <intent-filter>
45-->src/main/AndroidManifest.xml:9:4-12:20
46                <action android:name="android.intent.action.MAIN" />
46-->src/main/AndroidManifest.xml:10:5-57
46-->src/main/AndroidManifest.xml:10:13-54
47
48                <category android:name="android.intent.category.LAUNCHER" />
48-->src/main/AndroidManifest.xml:11:5-65
48-->src/main/AndroidManifest.xml:11:15-62
49            </intent-filter>
50        </activity>
51        <activity android:name="com.facebook.react.devsupport.DevSettingsActivity" />
51-->src/main/AndroidManifest.xml:14:3-80
51-->src/main/AndroidManifest.xml:14:13-77
52
53        <provider
53-->[:react-native-image-picker] AndroidManifest.xml:12:9-20:20
54            android:name="com.imagepicker.ImagePickerProvider"
54-->[:react-native-image-picker] AndroidManifest.xml:13:13-63
55            android:authorities="com.chefood.imagepickerprovider"
55-->[:react-native-image-picker] AndroidManifest.xml:14:13-71
56            android:exported="false"
56-->[:react-native-image-picker] AndroidManifest.xml:15:13-37
57            android:grantUriPermissions="true" >
57-->[:react-native-image-picker] AndroidManifest.xml:16:13-47
58            <meta-data
58-->[:react-native-image-picker] AndroidManifest.xml:17:13-19:70
59                android:name="android.support.FILE_PROVIDER_PATHS"
59-->[:react-native-image-picker] AndroidManifest.xml:18:17-67
60                android:resource="@xml/imagepicker_provider_paths" />
60-->[:react-native-image-picker] AndroidManifest.xml:19:17-67
61        </provider>
62
63        <activity
63-->[:tipsi-stripe] AndroidManifest.xml:12:9-16:75
64            android:name="com.gettipsi.stripe.OpenBrowserActivity"
64-->[:tipsi-stripe] AndroidManifest.xml:13:13-67
65            android:exported="false"
65-->[:tipsi-stripe] AndroidManifest.xml:14:13-37
66            android:launchMode="singleTask"
66-->[:tipsi-stripe] AndroidManifest.xml:15:13-44
67            android:theme="@android:style/Theme.Translucent.NoTitleBar" />
67-->[:tipsi-stripe] AndroidManifest.xml:16:13-72
68        <activity
68-->[:tipsi-stripe] AndroidManifest.xml:17:9-30:20
69            android:name="com.gettipsi.stripe.RedirectUriReceiver"
69-->[:tipsi-stripe] AndroidManifest.xml:18:13-67
70            android:exported="true"
70-->[:tipsi-stripe] AndroidManifest.xml:19:13-36
71            android:launchMode="singleTask"
71-->[:tipsi-stripe] AndroidManifest.xml:20:13-44
72            android:theme="@android:style/Theme.Translucent.NoTitleBar.Fullscreen" >
72-->[:tipsi-stripe] AndroidManifest.xml:21:13-83
73            <intent-filter>
73-->[:tipsi-stripe] AndroidManifest.xml:22:13-29:29
74                <action android:name="android.intent.action.VIEW" />
74-->[:tipsi-stripe] AndroidManifest.xml:23:17-69
74-->[:tipsi-stripe] AndroidManifest.xml:23:25-66
75
76                <category android:name="android.intent.category.DEFAULT" />
76-->[:tipsi-stripe] AndroidManifest.xml:25:17-76
76-->[:tipsi-stripe] AndroidManifest.xml:25:27-73
77                <category android:name="android.intent.category.BROWSABLE" />
77-->[:tipsi-stripe] AndroidManifest.xml:26:17-78
77-->[:tipsi-stripe] AndroidManifest.xml:26:27-75
78
79                <data android:scheme="example" />
79-->[:tipsi-stripe] AndroidManifest.xml:28:17-50
79-->[:tipsi-stripe] AndroidManifest.xml:28:23-47
80            </intent-filter>
81        </activity>
82        <activity
82-->[com.facebook.android:facebook-common:8.2.0] AndroidManifest.xml:30:9-33:66
83            android:name="com.facebook.FacebookActivity"
83-->[com.facebook.android:facebook-common:8.2.0] AndroidManifest.xml:31:13-57
84            android:configChanges="keyboard|keyboardHidden|screenLayout|screenSize|orientation"
84-->[com.facebook.android:facebook-common:8.2.0] AndroidManifest.xml:32:13-96
85            android:theme="@style/com_facebook_activity_theme" />
85-->[com.facebook.android:facebook-common:8.2.0] AndroidManifest.xml:33:13-63
86        <activity android:name="com.facebook.CustomTabMainActivity" />
86-->[com.facebook.android:facebook-common:8.2.0] AndroidManifest.xml:34:9-71
86-->[com.facebook.android:facebook-common:8.2.0] AndroidManifest.xml:34:19-68
87        <activity
87-->[com.facebook.android:facebook-common:8.2.0] AndroidManifest.xml:35:9-49:20
88            android:name="com.facebook.CustomTabActivity"
88-->[com.facebook.android:facebook-common:8.2.0] AndroidManifest.xml:36:13-58
89            android:exported="true" >
89-->[com.facebook.android:facebook-common:8.2.0] AndroidManifest.xml:37:13-36
90            <intent-filter>
90-->[com.facebook.android:facebook-common:8.2.0] AndroidManifest.xml:39:13-48:29
91                <action android:name="android.intent.action.VIEW" />
91-->[:tipsi-stripe] AndroidManifest.xml:23:17-69
91-->[:tipsi-stripe] AndroidManifest.xml:23:25-66
92
93                <category android:name="android.intent.category.DEFAULT" />
93-->[:tipsi-stripe] AndroidManifest.xml:25:17-76
93-->[:tipsi-stripe] AndroidManifest.xml:25:27-73
94                <category android:name="android.intent.category.BROWSABLE" />
94-->[:tipsi-stripe] AndroidManifest.xml:26:17-78
94-->[:tipsi-stripe] AndroidManifest.xml:26:27-75
95
96                <data
96-->[:tipsi-stripe] AndroidManifest.xml:28:17-50
97                    android:host="cct.com.chefood"
98                    android:scheme="fbconnect" />
98-->[:tipsi-stripe] AndroidManifest.xml:28:23-47
99            </intent-filter>
100        </activity>
101
102        <service
102-->[com.google.android.gms:play-services-measurement-api:18.0.3] AndroidManifest.xml:27:9-33:19
103            android:name="com.google.firebase.components.ComponentDiscoveryService"
103-->[com.google.android.gms:play-services-measurement-api:18.0.3] AndroidManifest.xml:28:13-84
104            android:directBootAware="true"
104-->[com.google.firebase:firebase-common:19.5.0] AndroidManifest.xml:35:13-43
105            android:exported="false" >
105-->[com.google.android.gms:play-services-measurement-api:18.0.3] AndroidManifest.xml:29:13-37
106            <meta-data
106-->[com.google.android.gms:play-services-measurement-api:18.0.3] AndroidManifest.xml:30:13-32:85
107                android:name="com.google.firebase.components:com.google.firebase.analytics.connector.internal.AnalyticsConnectorRegistrar"
107-->[com.google.android.gms:play-services-measurement-api:18.0.3] AndroidManifest.xml:31:17-139
108                android:value="com.google.firebase.components.ComponentRegistrar" />
108-->[com.google.android.gms:play-services-measurement-api:18.0.3] AndroidManifest.xml:32:17-82
109            <meta-data
109-->[com.google.firebase:firebase-installations:16.3.5] AndroidManifest.xml:18:13-20:85
110                android:name="com.google.firebase.components:com.google.firebase.installations.FirebaseInstallationsRegistrar"
110-->[com.google.firebase:firebase-installations:16.3.5] AndroidManifest.xml:19:17-127
111                android:value="com.google.firebase.components.ComponentRegistrar" />
111-->[com.google.firebase:firebase-installations:16.3.5] AndroidManifest.xml:20:17-82
112            <!--
113                This registrar is not defined in the dynamic-module-support sdk itself to allow non-firebase
114                clients to use it as well, by defining this registrar in their own core/common library.
115            -->
116            <meta-data
116-->[com.google.firebase:firebase-common:19.5.0] AndroidManifest.xml:43:13-45:85
117                android:name="com.google.firebase.components:com.google.firebase.dynamicloading.DynamicLoadingRegistrar"
117-->[com.google.firebase:firebase-common:19.5.0] AndroidManifest.xml:44:17-121
118                android:value="com.google.firebase.components.ComponentRegistrar" />
118-->[com.google.firebase:firebase-common:19.5.0] AndroidManifest.xml:45:17-82
119        </service>
120
121        <provider
121-->[com.google.firebase:firebase-common:19.5.0] AndroidManifest.xml:26:9-31:39
122            android:name="com.google.firebase.provider.FirebaseInitProvider"
122-->[com.google.firebase:firebase-common:19.5.0] AndroidManifest.xml:27:13-77
123            android:authorities="com.chefood.firebaseinitprovider"
123-->[com.google.firebase:firebase-common:19.5.0] AndroidManifest.xml:28:13-72
124            android:directBootAware="true"
124-->[com.google.firebase:firebase-common:19.5.0] AndroidManifest.xml:29:13-43
125            android:exported="false"
125-->[com.google.firebase:firebase-common:19.5.0] AndroidManifest.xml:30:13-37
126            android:initOrder="100" />
126-->[com.google.firebase:firebase-common:19.5.0] AndroidManifest.xml:31:13-36
127
128        <activity
128-->[com.stripe:stripe-android:8.1.0] AndroidManifest.xml:12:9-16:20
129            android:name="com.stripe.android.view.AddSourceActivity"
129-->[com.stripe:stripe-android:8.1.0] AndroidManifest.xml:13:13-69
130            android:theme="@style/StripeDefaultTheme"
130-->[com.stripe:stripe-android:8.1.0] AndroidManifest.xml:14:13-54
131            android:windowSoftInputMode="stateVisible" >
131-->[com.stripe:stripe-android:8.1.0] AndroidManifest.xml:15:13-55
132        </activity>
133        <activity
133-->[com.stripe:stripe-android:8.1.0] AndroidManifest.xml:17:9-20:20
134            android:name="com.stripe.android.view.PaymentMethodsActivity"
134-->[com.stripe:stripe-android:8.1.0] AndroidManifest.xml:18:13-74
135            android:theme="@style/StripeDefaultTheme" >
135-->[com.stripe:stripe-android:8.1.0] AndroidManifest.xml:19:13-54
136        </activity>
137        <activity
137-->[com.stripe:stripe-android:8.1.0] AndroidManifest.xml:21:9-24:20
138            android:name="com.stripe.android.view.PaymentFlowActivity"
138-->[com.stripe:stripe-android:8.1.0] AndroidManifest.xml:22:13-71
139            android:theme="@style/StripeDefaultTheme" >
139-->[com.stripe:stripe-android:8.1.0] AndroidManifest.xml:23:13-54
140        </activity>
141        <activity
141-->[com.google.android.gms:play-services-auth:19.0.0] AndroidManifest.xml:23:9-27:75
142            android:name="com.google.android.gms.auth.api.signin.internal.SignInHubActivity"
142-->[com.google.android.gms:play-services-auth:19.0.0] AndroidManifest.xml:24:13-93
143            android:excludeFromRecents="true"
143-->[com.google.android.gms:play-services-auth:19.0.0] AndroidManifest.xml:25:13-46
144            android:exported="false"
144-->[com.google.android.gms:play-services-auth:19.0.0] AndroidManifest.xml:26:13-37
145            android:theme="@android:style/Theme.Translucent.NoTitleBar" />
145-->[com.google.android.gms:play-services-auth:19.0.0] AndroidManifest.xml:27:13-72
146        <!--
147            Service handling Google Sign-In user revocation. For apps that do not integrate with
148            Google Sign-In, this service will never be started.
149        -->
150        <service
150-->[com.google.android.gms:play-services-auth:19.0.0] AndroidManifest.xml:33:9-37:51
151            android:name="com.google.android.gms.auth.api.signin.RevocationBoundService"
151-->[com.google.android.gms:play-services-auth:19.0.0] AndroidManifest.xml:34:13-89
152            android:exported="true"
152-->[com.google.android.gms:play-services-auth:19.0.0] AndroidManifest.xml:35:13-36
153            android:permission="com.google.android.gms.auth.api.signin.permission.REVOCATION_NOTIFICATION"
153-->[com.google.android.gms:play-services-auth:19.0.0] AndroidManifest.xml:36:13-107
154            android:visibleToInstantApps="true" />
154-->[com.google.android.gms:play-services-auth:19.0.0] AndroidManifest.xml:37:13-48
155        <!--
156         The initialization ContentProvider will call FacebookSdk.sdkInitialize automatically
157         with the application context. This config is merged in with the host app's manifest,
158         but there can only be one provider with the same authority activated at any given
159         point; so if the end user has two or more different apps that use Facebook SDK, only the
160         first one will be able to use the provider. To work around this problem, we use the
161         following placeholder in the authority to identify each host application as if it was
162         a completely different provider.
163        -->
164        <provider
164-->[com.facebook.android:facebook-core:8.2.0] AndroidManifest.xml:39:9-42:40
165            android:name="com.facebook.internal.FacebookInitProvider"
165-->[com.facebook.android:facebook-core:8.2.0] AndroidManifest.xml:40:13-70
166            android:authorities="com.chefood.FacebookInitProvider"
166-->[com.facebook.android:facebook-core:8.2.0] AndroidManifest.xml:41:13-72
167            android:exported="false" />
167-->[com.facebook.android:facebook-core:8.2.0] AndroidManifest.xml:42:13-37
168
169        <receiver
169-->[com.facebook.android:facebook-core:8.2.0] AndroidManifest.xml:44:9-50:20
170            android:name="com.facebook.CurrentAccessTokenExpirationBroadcastReceiver"
170-->[com.facebook.android:facebook-core:8.2.0] AndroidManifest.xml:45:13-86
171            android:exported="false" >
171-->[com.facebook.android:facebook-core:8.2.0] AndroidManifest.xml:46:13-37
172            <intent-filter>
172-->[com.facebook.android:facebook-core:8.2.0] AndroidManifest.xml:47:13-49:29
173                <action android:name="com.facebook.sdk.ACTION_CURRENT_ACCESS_TOKEN_CHANGED" />
173-->[com.facebook.android:facebook-core:8.2.0] AndroidManifest.xml:48:17-95
173-->[com.facebook.android:facebook-core:8.2.0] AndroidManifest.xml:48:25-92
174            </intent-filter>
175        </receiver>
176
177        <activity
177-->[com.google.android.gms:play-services-base:17.1.0] AndroidManifest.xml:23:9-26:75
178            android:name="com.google.android.gms.common.api.GoogleApiActivity"
178-->[com.google.android.gms:play-services-base:17.1.0] AndroidManifest.xml:24:13-79
179            android:exported="false"
179-->[com.google.android.gms:play-services-base:17.1.0] AndroidManifest.xml:25:13-37
180            android:theme="@android:style/Theme.Translucent.NoTitleBar" />
180-->[com.google.android.gms:play-services-base:17.1.0] AndroidManifest.xml:26:13-72
181
182        <receiver
182-->[com.google.android.gms:play-services-measurement:18.0.3] AndroidManifest.xml:29:9-33:20
183            android:name="com.google.android.gms.measurement.AppMeasurementReceiver"
183-->[com.google.android.gms:play-services-measurement:18.0.3] AndroidManifest.xml:30:13-85
184            android:enabled="true"
184-->[com.google.android.gms:play-services-measurement:18.0.3] AndroidManifest.xml:31:13-35
185            android:exported="false" >
185-->[com.google.android.gms:play-services-measurement:18.0.3] AndroidManifest.xml:32:13-37
186        </receiver>
187
188        <service
188-->[com.google.android.gms:play-services-measurement:18.0.3] AndroidManifest.xml:35:9-38:40
189            android:name="com.google.android.gms.measurement.AppMeasurementService"
189-->[com.google.android.gms:play-services-measurement:18.0.3] AndroidManifest.xml:36:13-84
190            android:enabled="true"
190-->[com.google.android.gms:play-services-measurement:18.0.3] AndroidManifest.xml:37:13-35
191            android:exported="false" />
191-->[com.google.android.gms:play-services-measurement:18.0.3] AndroidManifest.xml:38:13-37
192        <service
192-->[com.google.android.gms:play-services-measurement:18.0.3] AndroidManifest.xml:39:9-43:72
193            android:name="com.google.android.gms.measurement.AppMeasurementJobService"
193-->[com.google.android.gms:play-services-measurement:18.0.3] AndroidManifest.xml:40:13-87
194            android:enabled="true"
194-->[com.google.android.gms:play-services-measurement:18.0.3] AndroidManifest.xml:41:13-35
195            android:exported="false"
195-->[com.google.android.gms:play-services-measurement:18.0.3] AndroidManifest.xml:42:13-37
196            android:permission="android.permission.BIND_JOB_SERVICE" />
196-->[com.google.android.gms:play-services-measurement:18.0.3] AndroidManifest.xml:43:13-69
197
198        <meta-data
198-->[com.google.android.gms:play-services-basement:17.1.1] AndroidManifest.xml:23:9-25:69
199            android:name="com.google.android.gms.version"
199-->[com.google.android.gms:play-services-basement:17.1.1] AndroidManifest.xml:24:13-58
200            android:value="@integer/google_play_services_version" />
200-->[com.google.android.gms:play-services-basement:17.1.1] AndroidManifest.xml:25:13-66
201    </application>
202
203</manifest>